# JRE version: OpenJDK Runtime Environment (17.0.7) (build 17.0.7+0-b2043.56-10550314)
# Java VM: OpenJDK 64-Bit Server VM (17.0.7+0-b2043.56-10550314, mixed mode, tiered, compressed oops, compressed class ptrs, g1 gc, windows-amd64)
GC Precious Log:
 CPUs: 8 total, 8 available
 Memory: 8050M
 Large Page Support: Disabled
 NUMA Support: Disabled
 Compressed Oops: Enabled (32-bit)
 Heap Region Size: 1M
 Heap Min Capacity: 8M
 Heap Initial Capacity: 126M
 Heap Max Capacity: 2G
 Pre-touch: Disabled
 Parallel Workers: 8
 Concurrent Workers: 2
 Concurrent Refinement Workers: 8
 Periodic GC: Disabled
Heap:
 garbage-first heap   total 411648K, used 296748K [0x0000000080000000, 0x0000000100000000)
  region size 1024K, 82 young (83968K), 7 survivors (7168K)
 Metaspace       used 165305K, committed 166400K, reserved 1245184K
  class space    used 22799K, committed 23360K, reserved 1048576K
GC Heap History (20 events):
Event: 37.999 GC heap before
{Heap before GC invocations=60 (full 0):
 garbage-first heap   total 187392K, used 152373K [0x0000000080000000, 0x0000000100000000)
  region size 1024K, 46 young (47104K), 2 survivors (2048K)
 Metaspace       used 98728K, committed 99392K, reserved 1179648K
  class space    used 13679K, committed 14016K, reserved 1048576K
}
Event: 38.005 GC heap after
{Heap after GC invocations=61 (full 0):
 garbage-first heap   total 187392K, used 111470K [0x0000000080000000, 0x0000000100000000)
  region size 1024K, 5 young (5120K), 5 survivors (5120K)
 Metaspace       used 98728K, committed 99392K, reserved 1179648K
  class space    used 13679K, committed 14016K, reserved 1048576K
}
Event: 38.680 GC heap before
{Heap before GC invocations=61 (full 0):
 garbage-first heap   total 187392K, used 153454K [0x0000000080000000, 0x0000000100000000)
  region size 1024K, 47 young (48128K), 5 survivors (5120K)
 Metaspace       used 99151K, committed 99904K, reserved 1179648K
  class space    used 13712K, committed 14080K, reserved 1048576K
}
Event: 38.690 GC heap after
{Heap after GC invocations=62 (full 0):
 garbage-first heap   total 187392K, used 114847K [0x0000000080000000, 0x0000000100000000)
  region size 1024K, 4 young (4096K), 4 survivors (4096K)
 Metaspace       used 99151K, committed 99904K, reserved 1179648K
  class space    used 13712K, committed 14080K, reserved 1048576K
}
Event: 39.995 GC heap before
{Heap before GC invocations=62 (full 0):
 garbage-first heap   total 187392K, used 154783K [0x0000000080000000, 0x0000000100000000)
  region size 1024K, 44 young (45056K), 4 survivors (4096K)
 Metaspace       used 101996K, committed 102784K, reserved 1179648K
  class space    used 14094K, committed 14464K, reserved 1048576K
}
Event: 40.010 GC heap after
{Heap after GC invocations=63 (full 0):
 garbage-first heap   total 406528K, used 118681K [0x0000000080000000, 0x0000000100000000)
  region size 1024K, 4 young (4096K), 4 survivors (4096K)
 Metaspace       used 101996K, committed 102784K, reserved 1179648K
  class space    used 14094K, committed 14464K, reserved 1048576K
}
Event: 68.234 GC heap before
{Heap before GC invocations=63 (full 0):
 garbage-first heap   total 406528K, used 319385K [0x0000000080000000, 0x0000000100000000)
  region size 1024K, 196 young (200704K), 4 survivors (4096K)
 Metaspace       used 116189K, committed 116992K, reserved 1179648K
  class space    used 16280K, committed 16704K, reserved 1048576K
}
Event: 68.265 GC heap after
{Heap after GC invocations=64 (full 0):
 garbage-first heap   total 406528K, used 128921K [0x0000000080000000, 0x0000000100000000)
  region size 1024K, 14 young (14336K), 14 survivors (14336K)
 Metaspace       used 116189K, committed 116992K, reserved 1179648K
  class space    used 16280K, committed 16704K, reserved 1048576K
}
Event: 73.130 GC heap before
{Heap before GC invocations=64 (full 0):
 garbage-first heap   total 406528K, used 335769K [0x0000000080000000, 0x0000000100000000)
  region size 1024K, 199 young (203776K), 14 survivors (14336K)
 Metaspace       used 125586K, committed 126400K, reserved 1179648K
  class space    used 17642K, committed 18048K, reserved 1048576K
}
Event: 73.154 GC heap after
{Heap after GC invocations=65 (full 0):
 garbage-first heap   total 406528K, used 130513K [0x0000000080000000, 0x0000000100000000)
  region size 1024K, 13 young (13312K), 13 survivors (13312K)
 Metaspace       used 125586K, committed 126400K, reserved 1179648K
  class space    used 17642K, committed 18048K, reserved 1048576K
}
Event: 629.224 GC heap before
{Heap before GC invocations=65 (full 0):
 garbage-first heap   total 406528K, used 350673K [0x0000000080000000, 0x0000000100000000)
  region size 1024K, 205 young (209920K), 13 survivors (13312K)
 Metaspace       used 129336K, committed 130496K, reserved 1179648K
  class space    used 18120K, committed 18688K, reserved 1048576K
}
Event: 629.513 GC heap after
{Heap after GC invocations=66 (full 0):
 garbage-first heap   total 406528K, used 164022K [0x0000000080000000, 0x0000000100000000)
  region size 1024K, 21 young (21504K), 21 survivors (21504K)
 Metaspace       used 129336K, committed 130496K, reserved 1179648K
  class space    used 18120K, committed 18688K, reserved 1048576K
}
Event: 641.692 GC heap before
{Heap before GC invocations=66 (full 0):
 garbage-first heap   total 406528K, used 345270K [0x0000000080000000, 0x0000000100000000)
  region size 1024K, 188 young (192512K), 21 survivors (21504K)
 Metaspace       used 142989K, committed 144064K, reserved 1179648K
  class space    used 20279K, committed 20800K, reserved 1048576K
}
Event: 641.883 GC heap after
{Heap after GC invocations=67 (full 0):
 garbage-first heap   total 406528K, used 189506K [0x0000000080000000, 0x0000000100000000)
  region size 1024K, 24 young (24576K), 24 survivors (24576K)
 Metaspace       used 142989K, committed 144064K, reserved 1179648K
  class space    used 20279K, committed 20800K, reserved 1048576K
}
Event: 646.073 GC heap before
{Heap before GC invocations=67 (full 0):
 garbage-first heap   total 406528K, used 308290K [0x0000000080000000, 0x0000000100000000)
  region size 1024K, 133 young (136192K), 24 survivors (24576K)
 Metaspace       used 150029K, committed 151232K, reserved 1179648K
  class space    used 21066K, committed 21632K, reserved 1048576K
}
Event: 646.129 GC heap after
{Heap after GC invocations=68 (full 0):
 garbage-first heap   total 406528K, used 215373K [0x0000000080000000, 0x0000000100000000)
  region size 1024K, 17 young (17408K), 17 survivors (17408K)
 Metaspace       used 150029K, committed 151232K, reserved 1179648K
  class space    used 21066K, committed 21632K, reserved 1048576K
}
Event: 650.652 GC heap before
{Heap before GC invocations=68 (full 0):
 garbage-first heap   total 406528K, used 325965K [0x0000000080000000, 0x0000000100000000)
  region size 1024K, 124 young (126976K), 17 survivors (17408K)
 Metaspace       used 161423K, committed 162560K, reserved 1245184K
  class space    used 22330K, committed 22848K, reserved 1048576K
}
Event: 650.677 GC heap after
{Heap after GC invocations=69 (full 0):
 garbage-first heap   total 406528K, used 222208K [0x0000000080000000, 0x0000000100000000)
  region size 1024K, 7 young (7168K), 7 survivors (7168K)
 Metaspace       used 161423K, committed 162560K, reserved 1245184K
  class space    used 22330K, committed 22848K, reserved 1048576K
}
Event: 651.276 GC heap before
{Heap before GC invocations=69 (full 0):
 garbage-first heap   total 406528K, used 242688K [0x0000000080000000, 0x0000000100000000)
  region size 1024K, 28 young (28672K), 7 survivors (7168K)
 Metaspace       used 162367K, committed 163456K, reserved 1245184K
  class space    used 22449K, committed 22976K, reserved 1048576K
}
Event: 651.305 GC heap after
{Heap after GC invocations=70 (full 0):
 garbage-first heap   total 406528K, used 221996K [0x0000000080000000, 0x0000000100000000)
  region size 1024K, 7 young (7168K), 7 survivors (7168K)
 Metaspace       used 162367K, committed 163456K, reserved 1245184K
  class space    used 22449K, committed 22976K, reserved 1048576K
}

